---------------------------------------------------------------
[ 2018-07-07T17:10:06+08:00 ] 127.0.0.1 GET /
[ info ] j7pgfs.natappfree.cc/ [运行时间：0.033293s][吞吐率：30.04req/s] [内存消耗：1,701.80kb] [文件加载：43]
[ info ] [ LANG ] E:\xampp\htdocs\tp5\thinkphp\lang\zh-cn.php
[ info ] [ ROUTE ] array (
  'type' => 'module',
  'module' => 
  array (
    0 => '',
    1 => NULL,
    2 => NULL,
  ),
)
[ info ] [ HEADER ] array (
  'host' => 'j7pgfs.natappfree.cc',
  'user-agent' => 'Mozilla/5.0 (Windows NT 10.0; WOW64) AppleWebKit/537.36 (KHTML, like Gecko) Chrome/67.0.3396.99 Safari/537.36',
  'accept' => 'text/html,application/xhtml+xml,application/xml;q=0.9,image/webp,image/apng,*/*;q=0.8',
  'accept-encoding' => 'gzip, deflate',
  'accept-language' => 'zh-CN,zh;q=0.9',
  'cache-control' => 'max-age=0',
  'connection' => 'keep-alive',
  'upgrade-insecure-requests' => '1',
  'x-natapp-ip' => '119.6.58.10',
  'x-real-ip' => '119.6.58.10',
)
[ info ] [ PARAM ] array (
)
[ info ] [ RUN ] app\home\controller\Index->index[ E:\xampp\htdocs\tp5\application\home\controller\Index.php ]
[ info ] [ VIEW ] E:\xampp\htdocs\tp5\public/../application/home\view\index\index.html [ array (
) ]
[ info ] [ LOG ] INIT File
---------------------------------------------------------------
[ 2018-07-07T17:11:32+08:00 ] 127.0.0.1 GET /
[ info ] j7pgfs.natappfree.cc/ [运行时间：0.064344s][吞吐率：15.54req/s] [内存消耗：1,563.52kb] [文件加载：41]
[ info ] [ LANG ] E:\xampp\htdocs\tp5\thinkphp\lang\zh-cn.php
[ info ] [ ROUTE ] array (
  'type' => 'module',
  'module' => 
  array (
    0 => '',
    1 => NULL,
    2 => NULL,
  ),
)
[ info ] [ HEADER ] array (
  'host' => 'j7pgfs.natappfree.cc',
  'user-agent' => 'Mozilla/5.0 (Linux; Android 5.1.1; R7Plusm Build/LMY47V; wv) AppleWebKit/537.36 (KHTML, like Gecko) Version/4.0 Chrome/57.0.2987.132 MQQBrowser/6.2 TBS/044111 Mobile Safari/537.36 V1_AND_SQ_7.6.8_872_YYB_D QQ/7.6.8.3615 NetType/WIFI WebP/0.3.0 Pixel/1080',
  'accept' => 'text/html,application/xhtml+xml,application/xml;q=0.9,image/webp,image/apng,image/sharpp,image/apng,*/*;q=0.8',
  'accept-encoding' => 'gzip, deflate',
  'accept-language' => 'zh-CN,en-US;q=0.8',
  'connection' => 'keep-alive',
  'x-natapp-ip' => '119.6.58.10',
  'x-real-ip' => '119.6.58.10',
)
[ info ] [ PARAM ] array (
)
[ info ] [ RUN ] app\home\controller\Index->index[ E:\xampp\htdocs\tp5\application\home\controller\Index.php ]
[ info ] [ VIEW ] E:\xampp\htdocs\tp5\public/../application/home\view\index\index.html [ array (
) ]
[ info ] [ LOG ] INIT File
---------------------------------------------------------------
[ 2018-07-07T17:14:34+08:00 ] 127.0.0.1 GET /
[ info ] j7pgfs.natappfree.cc/ [运行时间：0.051951s][吞吐率：19.25req/s] [内存消耗：1,702.05kb] [文件加载：43]
[ info ] [ LANG ] E:\xampp\htdocs\tp5\thinkphp\lang\zh-cn.php
[ info ] [ ROUTE ] array (
  'type' => 'module',
  'module' => 
  array (
    0 => '',
    1 => NULL,
    2 => NULL,
  ),
)
[ info ] [ HEADER ] array (
  'host' => 'j7pgfs.natappfree.cc',
  'user-agent' => 'Mozilla/5.0 (Windows NT 10.0; WOW64) AppleWebKit/537.36 (KHTML, like Gecko) Chrome/67.0.3396.99 Safari/537.36',
  'accept' => 'text/html,application/xhtml+xml,application/xml;q=0.9,image/webp,image/apng,*/*;q=0.8',
  'accept-encoding' => 'gzip, deflate',
  'accept-language' => 'zh-CN,zh;q=0.9',
  'cache-control' => 'no-cache',
  'connection' => 'keep-alive',
  'pragma' => 'no-cache',
  'upgrade-insecure-requests' => '1',
  'x-natapp-ip' => '119.6.58.10',
  'x-real-ip' => '119.6.58.10',
)
[ info ] [ PARAM ] array (
)
[ info ] [ RUN ] app\home\controller\Index->index[ E:\xampp\htdocs\tp5\application\home\controller\Index.php ]
[ info ] [ VIEW ] E:\xampp\htdocs\tp5\public/../application/home\view\index\index.html [ array (
) ]
[ info ] [ LOG ] INIT File
---------------------------------------------------------------
[ 2018-07-07T17:15:24+08:00 ] 127.0.0.1 GET /
[ info ] j7pgfs.natappfree.cc/ [运行时间：0.037038s][吞吐率：27.00req/s] [内存消耗：1,702.05kb] [文件加载：43]
[ info ] [ LANG ] E:\xampp\htdocs\tp5\thinkphp\lang\zh-cn.php
[ info ] [ ROUTE ] array (
  'type' => 'module',
  'module' => 
  array (
    0 => '',
    1 => NULL,
    2 => NULL,
  ),
)
[ info ] [ HEADER ] array (
  'host' => 'j7pgfs.natappfree.cc',
  'user-agent' => 'Mozilla/5.0 (Windows NT 10.0; WOW64) AppleWebKit/537.36 (KHTML, like Gecko) Chrome/67.0.3396.99 Safari/537.36',
  'accept' => 'text/html,application/xhtml+xml,application/xml;q=0.9,image/webp,image/apng,*/*;q=0.8',
  'accept-encoding' => 'gzip, deflate',
  'accept-language' => 'zh-CN,zh;q=0.9',
  'cache-control' => 'no-cache',
  'connection' => 'keep-alive',
  'pragma' => 'no-cache',
  'upgrade-insecure-requests' => '1',
  'x-natapp-ip' => '119.6.58.10',
  'x-real-ip' => '119.6.58.10',
)
[ info ] [ PARAM ] array (
)
[ info ] [ RUN ] app\home\controller\Index->index[ E:\xampp\htdocs\tp5\application\home\controller\Index.php ]
[ info ] [ VIEW ] E:\xampp\htdocs\tp5\public/../application/home\view\index\index.html [ array (
) ]
[ info ] [ LOG ] INIT File
---------------------------------------------------------------
[ 2018-07-07T17:23:56+08:00 ] 127.0.0.1 GET /
[ info ] j7pgfs.natappfree.cc/ [运行时间：0.032048s][吞吐率：31.20req/s] [内存消耗：1,563.52kb] [文件加载：41]
[ info ] [ LANG ] E:\xampp\htdocs\tp5\thinkphp\lang\zh-cn.php
[ info ] [ ROUTE ] array (
  'type' => 'module',
  'module' => 
  array (
    0 => '',
    1 => NULL,
    2 => NULL,
  ),
)
[ info ] [ HEADER ] array (
  'host' => 'j7pgfs.natappfree.cc',
  'user-agent' => 'Mozilla/5.0 (Linux; Android 5.1.1; R7Plusm Build/LMY47V; wv) AppleWebKit/537.36 (KHTML, like Gecko) Version/4.0 Chrome/57.0.2987.132 MQQBrowser/6.2 TBS/044113 Mobile Safari/537.36 V1_AND_SQ_7.6.8_872_YYB_D QQ/7.6.8.3615 NetType/WIFI WebP/0.3.0 Pixel/1080',
  'accept' => 'text/html,application/xhtml+xml,application/xml;q=0.9,image/webp,image/apng,image/sharpp,image/apng,*/*;q=0.8',
  'accept-encoding' => 'gzip, deflate',
  'accept-language' => 'zh-CN,en-US;q=0.8',
  'connection' => 'keep-alive',
  'x-natapp-ip' => '119.6.58.10',
  'x-real-ip' => '119.6.58.10',
)
[ info ] [ PARAM ] array (
)
[ info ] [ RUN ] app\home\controller\Index->index[ E:\xampp\htdocs\tp5\application\home\controller\Index.php ]
[ info ] [ VIEW ] E:\xampp\htdocs\tp5\public/../application/home\view\index\index.html [ array (
) ]
[ info ] [ LOG ] INIT File
---------------------------------------------------------------
[ 2018-07-07T17:49:48+08:00 ] 127.0.0.1 GET /
[ info ] j7pgfs.natappfree.cc/ [运行时间：0.054459s][吞吐率：18.36req/s] [内存消耗：1,705.63kb] [文件加载：43]
[ info ] [ LANG ] E:\xampp\htdocs\tp5\thinkphp\lang\zh-cn.php
[ info ] [ ROUTE ] array (
  'type' => 'module',
  'module' => 
  array (
    0 => '',
    1 => NULL,
    2 => NULL,
  ),
)
[ info ] [ HEADER ] array (
  'host' => 'j7pgfs.natappfree.cc',
  'user-agent' => 'Mozilla/5.0 (Windows NT 10.0; WOW64) AppleWebKit/537.36 (KHTML, like Gecko) Chrome/67.0.3396.99 Safari/537.36',
  'accept' => 'text/html,application/xhtml+xml,application/xml;q=0.9,image/webp,image/apng,*/*;q=0.8',
  'accept-encoding' => 'gzip, deflate',
  'accept-language' => 'zh-CN,zh;q=0.9',
  'cache-control' => 'no-cache',
  'connection' => 'keep-alive',
  'pragma' => 'no-cache',
  'upgrade-insecure-requests' => '1',
  'x-natapp-ip' => '119.6.58.10',
  'x-real-ip' => '119.6.58.10',
)
[ info ] [ PARAM ] array (
)
[ info ] [ RUN ] app\home\controller\Index->index[ E:\xampp\htdocs\tp5\application\home\controller\Index.php ]
[ info ] [ VIEW ] E:\xampp\htdocs\tp5\public/../application/home\view\index\index.html [ array (
) ]
[ info ] [ LOG ] INIT File
---------------------------------------------------------------
[ 2018-07-07T17:59:25+08:00 ] 127.0.0.1 GET /
[ info ] j7pgfs.natappfree.cc/ [运行时间：0.040036s][吞吐率：24.98req/s] [内存消耗：1,704.52kb] [文件加载：43]
[ info ] [ LANG ] E:\xampp\htdocs\tp5\thinkphp\lang\zh-cn.php
[ info ] [ ROUTE ] array (
  'type' => 'module',
  'module' => 
  array (
    0 => '',
    1 => NULL,
    2 => NULL,
  ),
)
[ info ] [ HEADER ] array (
  'host' => 'j7pgfs.natappfree.cc',
  'user-agent' => 'Mozilla/5.0 (Windows NT 10.0; WOW64) AppleWebKit/537.36 (KHTML, like Gecko) Chrome/67.0.3396.99 Safari/537.36',
  'accept' => 'text/html,application/xhtml+xml,application/xml;q=0.9,image/webp,image/apng,*/*;q=0.8',
  'accept-encoding' => 'gzip, deflate',
  'accept-language' => 'zh-CN,zh;q=0.9',
  'cache-control' => 'no-cache',
  'connection' => 'keep-alive',
  'pragma' => 'no-cache',
  'upgrade-insecure-requests' => '1',
  'x-natapp-ip' => '119.6.58.10',
  'x-real-ip' => '119.6.58.10',
)
[ info ] [ PARAM ] array (
)
[ info ] [ RUN ] app\home\controller\Index->index[ E:\xampp\htdocs\tp5\application\home\controller\Index.php ]
[ info ] [ VIEW ] E:\xampp\htdocs\tp5\public/../application/home\view\index\index.html [ array (
) ]
[ info ] [ LOG ] INIT File
---------------------------------------------------------------
[ 2018-07-07T17:59:25+08:00 ] 127.0.0.1 GET /Login.css
[ info ] j7pgfs.natappfree.cc/Login.css [运行时间：0.039046s][吞吐率：25.61req/s] [内存消耗：1,356.23kb] [文件加载：35]
[ info ] [ LANG ] E:\xampp\htdocs\tp5\thinkphp\lang\zh-cn.php
[ info ] [ ROUTE ] array (
  'type' => 'module',
  'module' => 
  array (
    0 => 'Login.css',
    1 => NULL,
    2 => NULL,
  ),
)
[ info ] [ HEADER ] array (
  'host' => 'j7pgfs.natappfree.cc',
  'user-agent' => 'Mozilla/5.0 (Windows NT 10.0; WOW64) AppleWebKit/537.36 (KHTML, like Gecko) Chrome/67.0.3396.99 Safari/537.36',
  'accept' => 'text/css,*/*;q=0.1',
  'accept-encoding' => 'gzip, deflate',
  'accept-language' => 'zh-CN,zh;q=0.9',
  'cache-control' => 'no-cache',
  'connection' => 'keep-alive',
  'pragma' => 'no-cache',
  'referer' => 'http://j7pgfs.natappfree.cc/',
  'x-natapp-ip' => '119.6.58.10',
  'x-real-ip' => '119.6.58.10',
)
[ info ] [ PARAM ] array (
)
[ info ] [ LOG ] INIT File
