---------------------------------------------------------------
[ 2018-07-14T08:41:06+08:00 ] 127.0.0.1 GET /admin.php/admin/favicon.ico
[ info ] localhost:8080/admin.php/admin/favicon.ico [运行时间：0.654088s][吞吐率：1.53req/s] [内存消耗：1,356.21kb] [文件加载：35]
[ info ] [ LANG ] E:\xampp\htdocs\tp5\thinkphp\lang\zh-cn.php
[ info ] [ ROUTE ] array (
  'type' => 'module',
  'module' => 
  array (
    0 => 'admin.php',
    1 => 'admin',
    2 => 'favicon.ico',
  ),
)
[ info ] [ HEADER ] array (
  'cookie' => 'Idea-755a90e2=91bd1eef-0d78-4c09-9675-1cbda97820ce; Hm_lvt_1ad0a5c62a113bb874be8bb514b0a70d=1513816645; PHPSESSID=92cahq86dcvegtad8t2iqhf7o1',
  'accept-language' => 'zh-CN,zh;q=0.8',
  'accept-encoding' => 'gzip, deflate, br',
  'referer' => 'http://localhost:8080/',
  'accept' => 'image/webp,image/*,*/*;q=0.8',
  'user-agent' => 'Mozilla/5.0 (Windows NT 10.0; WOW64) AppleWebKit/537.36 (KHTML, like Gecko) Chrome/55.0.2883.87 UBrowser/6.2.4092.1 Safari/537.36',
  'connection' => 'close',
  'host' => 'localhost:8080',
)
[ info ] [ PARAM ] array (
)
[ info ] [ LOG ] INIT File
---------------------------------------------------------------
[ 2018-07-14T08:42:40+08:00 ] 127.0.0.1 GET /messenger-front/get?c=nN640gDS6JvLAg0vs3eZFfzc35PDQoVc4u2fvXF4YYKuQy62xB%2B%2FNBetjiupGTuKwXAtAA20rdGs2ucpSFWatxhc5XMUJTNkFPsCmSTpL2U9hztpZozyD9MaJUr6HoP6KVD%2BGn9ZG%2FY4p27qTCJcKGx3zxAY%2F4PLbVEiaLNHCJK5wnNVQLnzcPNGGtulSIxowKFPCKBhoD%2BbTlCx%2FoKU2wfKHYkjotymphi0yfwC2tFyr7xbK3nxtOh0Oi2gnUrHLJgCoMa3GZZisjjEuubjIIFhosrBZTUNvMqilOZqfkOPZ5H8n%2FQFeCDt3%2FeqKoTqmdbXaJfa%2FVrjh%2Bh06%2BZ9BBXIh8ncwz3FvdV8DYEgxtmqYMQLKvVvkuujrOIIW1%2B74pw7Kj4iCp8Qv7xmL0vUFZQj2jegyQSIxBgdyY7wVGdDk9zfexetbbgeKY22Yo%2BXrpNQ2Lcb8q8ofDMTYHbxRMYLB%2F9e33bPJ26UwKmPmQEoZVr%2FidvZCm%2BZG8vKc6OgioTGkDolNzpBwR0fBjKwGFrHYBZml3Xe0Ghu3Qj8yBUfAaM3r1vCH7nJ1U1Rbpi6I0I7Axs69AMeZvkjQYtxnkgEV7H7BarJgqG4oWwbv6m9iPOquFh1QQ%3D%3D&v=1
[ info ] msg-push.duba.net/messenger-front/get?c=nN640gDS6JvLAg0vs3eZFfzc35PDQoVc4u2fvXF4YYKuQy62xB%2B%2FNBetjiupGTuKwXAtAA20rdGs2ucpSFWatxhc5XMUJTNkFPsCmSTpL2U9hztpZozyD9MaJUr6HoP6KVD%2BGn9ZG%2FY4p27qTCJcKGx3zxAY%2F4PLbVEiaLNHCJK5wnNVQLnzcPNGGtulSIxowKFPCKBhoD%2BbTlCx%2FoKU2wfKHYkjotymphi0yfwC2tFyr7xbK3nxtOh0Oi2gnUrHLJgCoMa3GZZisjjEuubjIIFhosrBZTUNvMqilOZqfkOPZ5H8n%2FQFeCDt3%2FeqKoTqmdbXaJfa%2FVrjh%2Bh06%2BZ9BBXIh8ncwz3FvdV8DYEgxtmqYMQLKvVvkuujrOIIW1%2B74pw7Kj4iCp8Qv7xmL0vUFZQj2jegyQSIxBgdyY7wVGdDk9zfexetbbgeKY22Yo%2BXrpNQ2Lcb8q8ofDMTYHbxRMYLB%2F9e33bPJ26UwKmPmQEoZVr%2FidvZCm%2BZG8vKc6OgioTGkDolNzpBwR0fBjKwGFrHYBZml3Xe0Ghu3Qj8yBUfAaM3r1vCH7nJ1U1Rbpi6I0I7Axs69AMeZvkjQYtxnkgEV7H7BarJgqG4oWwbv6m9iPOquFh1QQ%3D%3D&v=1 [运行时间：0.492820s][吞吐率：2.03req/s] [内存消耗：1,357.12kb] [文件加载：35]
[ info ] [ LANG ] E:\xampp\htdocs\tp5\thinkphp\lang\zh-cn.php
[ info ] [ ROUTE ] array (
  'type' => 'module',
  'module' => 
  array (
    0 => 'messenger-front',
    1 => 'get',
    2 => NULL,
  ),
)
[ info ] [ HEADER ] array (
  'host' => 'msg-push.duba.net',
  'content-type' => 'application/octet-stream',
  'user-agent' => 'Mozilla/4.0',
  'accept' => '*/*',
)
[ info ] [ PARAM ] array (
  'c' => 'nN640gDS6JvLAg0vs3eZFfzc35PDQoVc4u2fvXF4YYKuQy62xB+/NBetjiupGTuKwXAtAA20rdGs2ucpSFWatxhc5XMUJTNkFPsCmSTpL2U9hztpZozyD9MaJUr6HoP6KVD+Gn9ZG/Y4p27qTCJcKGx3zxAY/4PLbVEiaLNHCJK5wnNVQLnzcPNGGtulSIxowKFPCKBhoD+bTlCx/oKU2wfKHYkjotymphi0yfwC2tFyr7xbK3nxtOh0Oi2gnUrHLJgCoMa3GZZisjjEuubjIIFhosrBZTUNvMqilOZqfkOPZ5H8n/QFeCDt3/eqKoTqmdbXaJfa/Vrjh+h06+Z9BBXIh8ncwz3FvdV8DYEgxtmqYMQLKvVvkuujrOIIW1+74pw7Kj4iCp8Qv7xmL0vUFZQj2jegyQSIxBgdyY7wVGdDk9zfexetbbgeKY22Yo+XrpNQ2Lcb8q8ofDMTYHbxRMYLB/9e33bPJ26UwKmPmQEoZVr/idvZCm+ZG8vKc6OgioTGkDolNzpBwR0fBjKwGFrHYBZml3Xe0Ghu3Qj8yBUfAaM3r1vCH7nJ1U1Rbpi6I0I7Axs69AMeZvkjQYtxnkgEV7H7BarJgqG4oWwbv6m9iPOquFh1QQ==',
  'v' => '1',
)
[ info ] [ LOG ] INIT File
---------------------------------------------------------------
[ 2018-07-14T08:45:12+08:00 ] 127.0.0.1 GET /
[ info ] 127.0.0.1/ [运行时间：0.436384s][吞吐率：2.29req/s] [内存消耗：1,563.19kb] [文件加载：41]
[ info ] [ LANG ] E:\xampp\htdocs\tp5\thinkphp\lang\zh-cn.php
[ info ] [ ROUTE ] array (
  'type' => 'module',
  'module' => 
  array (
    0 => '',
    1 => NULL,
    2 => NULL,
  ),
)
[ info ] [ HEADER ] array (
  'host' => '127.0.0.1',
  'connection' => 'keep-alive',
  'upgrade-insecure-requests' => '1',
  'user-agent' => 'Mozilla/5.0 (Windows NT 10.0; WOW64) AppleWebKit/537.36 (KHTML, like Gecko) Chrome/67.0.3396.99 Safari/537.36',
  'accept' => 'text/html,application/xhtml+xml,application/xml;q=0.9,image/webp,image/apng,*/*;q=0.8',
  'accept-encoding' => 'gzip, deflate, br',
  'accept-language' => 'zh-CN,zh;q=0.9',
)
[ info ] [ PARAM ] array (
)
[ info ] [ RUN ] app\home\controller\Index->index[ E:\xampp\htdocs\tp5\application\home\controller\Index.php ]
[ info ] [ VIEW ] E:\xampp\htdocs\tp5\public/../application/home\view\index\index.html [ array (
) ]
[ info ] [ LOG ] INIT File
